<?xml version="1.0" encoding="UTF-8"?>
<!-- Generated by org.testng.reporters.JUnitXMLReporter -->
<testsuite ignored="2" hostname="LAPTOP-05ARB1KT" failures="0" tests="1" name="Default test" time="11.894" errors="0" timestamp="2024-03-18T19:42:40 IST">
  <testcase classname="com.qa.testcases.SignUpTest" name="SignUpWithoutEnteringDetails" time="0.433"/>
  <testcase classname="com.qa.testcases.SignUpTest" name="InvalidSignUpWithAlreadyRegisteredUser" time="0.0">
    <ignored/>
  </testcase> <!-- InvalidSignUpWithAlreadyRegisteredUser -->
  <testcase classname="com.qa.testcases.SignUpTest" name="ValidSignUp" time="0.0">
    <ignored/>
  </testcase> <!-- ValidSignUp -->
</testsuite> <!-- Default test -->
